<?xml version="1.0" encoding="UTF-8"?>
<!-- Generated by org.testng.reporters.JUnitXMLReporter -->
<testsuite hostname="WIN7DX64-03129" name="Test" tests="23" failures="0" timestamp="27 Feb 2017 06:42:46 GMT" time="85.653" errors="0">
  <testcase name="@BeforeTest systemManagerPreSettingTest" time="0.0" classname="Hazards.CausePatientIdentificationErrorTest">
    <failure type="org.openqa.selenium.NoSuchWindowException" message="Error retrieving window with handle current (WARNING: The server did not provide any stacktrace information)
Command duration or timeout: 45 milliseconds
Build info: version: &amp;apos;unknown&amp;apos;, revision: &amp;apos;unknown&amp;apos;, time: &amp;apos;unknown&amp;apos;
System info: host: &amp;apos;WIN7DX64-03129&amp;apos;, ip: &amp;apos;10.171.196.198&amp;apos;, os.name: &amp;apos;Windows 7&amp;apos;, os.arch: &amp;apos;amd64&amp;apos;, os.version: &amp;apos;6.1&amp;apos;, java.version: &amp;apos;1.8.0_111&amp;apos;
Driver info: org.openqa.selenium.ie.InternetExplorerDriver
Capabilities [{browserAttachTimeout=0, ie.enableFullPageScreenshot=true, enablePersistentHover=true, ie.forceCreateProcessApi=false, ie.forceShellWindowsApi=false, pageLoadStrategy=normal, ignoreZoomSetting=false, ie.fileUploadDialogTimeout=3000, version=11, platform=WINDOWS, nativeEvents=true, ie.ensureCleanSession=false, elementScrollBehavior=0, ie.browserCommandLineSwitches=, requireWindowFocus=false, browserName=internet explorer, initialBrowserUrl=http://localhost:23080/, javascriptEnabled=true, ignoreProtectedModeSettings=false, enableElementCacheCleanup=true, unexpectedAlertBehaviour=dismiss}]
Session ID: cdae8356-15d0-455e-82fe-1a329dd947ac">
      <![CDATA[org.openqa.selenium.NoSuchWindowException: Error retrieving window with handle current (WARNING: The server did not provide any stacktrace information)
Command duration or timeout: 45 milliseconds
Build info: version: 'unknown', revision: 'unknown', time: 'unknown'
System info: host: 'WIN7DX64-03129', ip: '10.171.196.198', os.name: 'Windows 7', os.arch: 'amd64', os.version: '6.1', java.version: '1.8.0_111'
Driver info: org.openqa.selenium.ie.InternetExplorerDriver
Capabilities [{browserAttachTimeout=0, ie.enableFullPageScreenshot=true, enablePersistentHover=true, ie.forceCreateProcessApi=false, ie.forceShellWindowsApi=false, pageLoadStrategy=normal, ignoreZoomSetting=false, ie.fileUploadDialogTimeout=3000, version=11, platform=WINDOWS, nativeEvents=true, ie.ensureCleanSession=false, elementScrollBehavior=0, ie.browserCommandLineSwitches=, requireWindowFocus=false, browserName=internet explorer, initialBrowserUrl=http://localhost:23080/, javascriptEnabled=true, ignoreProtectedModeSettings=false, enableElementCacheCleanup=true, unexpectedAlertBehaviour=dismiss}]
Session ID: cdae8356-15d0-455e-82fe-1a329dd947ac
	at org.openqa.selenium.remote.ErrorHandler.createThrowable(ErrorHandler.java:216)
	at org.openqa.selenium.remote.ErrorHandler.throwIfResponseFailed(ErrorHandler.java:168)
	at org.openqa.selenium.remote.RemoteWebDriver.execute(RemoteWebDriver.java:635)
	at org.openqa.selenium.remote.RemoteWebDriver.execute(RemoteWebDriver.java:658)
	at org.openqa.selenium.remote.RemoteWebDriver$RemoteWebDriverOptions$RemoteWindow.maximize(RemoteWebDriver.java:882)
	at common.IEDriver.callDriver(IEDriver.java:27)
	at Regression.HoldTransfusionTest.systemManagerPreSettingTest(HoldTransfusionTest.java:62)
... Removed 26 stack frames]]>
    </failure>
  </testcase> <!-- @BeforeTest systemManagerPreSettingTest -->
  <testcase name="@BeforeTest preSettingTest" time="0.0" classname="Hazards.CausePatientIdentificationErrorTest">
    <skipped/>
  </testcase> <!-- @BeforeTest preSettingTest -->
  <testcase name="@BeforeTest preSettingTest" time="0.0" classname="Hazards.CausePatientIdentificationErrorTest">
    <skipped/>
  </testcase> <!-- @BeforeTest preSettingTest -->
  <testcase name="@BeforeTest preSettingTest" time="0.0" classname="Hazards.CausePatientIdentificationErrorTest">
    <skipped/>
  </testcase> <!-- @BeforeTest preSettingTest -->
  <testcase name="@BeforeTest systemManagerPreSettingTest" time="0.0" classname="Hazards.CausePatientIdentificationErrorTest">
    <skipped/>
  </testcase> <!-- @BeforeTest systemManagerPreSettingTest -->
  <testcase name="@BeforeClass preExecutionTest" time="0.0" classname="Hazards.PatientIdentificationErrorTest">
    <skipped/>
  </testcase> <!-- @BeforeClass preExecutionTest -->
  <testcase name="@AfterClass postExecutionTest" time="0.0" classname="Hazards.PatientIdentificationErrorTest">
    <skipped/>
  </testcase> <!-- @AfterClass postExecutionTest -->
  <testcase name="@BeforeClass preExecutionTest" time="0.0" classname="Hazards.RegulatoryHazardsDueToUnauthorizedAccessToPatientInformationTest">
    <skipped/>
  </testcase> <!-- @BeforeClass preExecutionTest -->
  <testcase name="@AfterClass postExecutionTest" time="0.0" classname="Hazards.RegulatoryHazardsDueToUnauthorizedAccessToPatientInformationTest">
    <skipped/>
  </testcase> <!-- @AfterClass postExecutionTest -->
  <testcase name="@BeforeClass preExecutionTest" time="0.0" classname="Hazards.SubstandardBottleTest">
    <skipped/>
  </testcase> <!-- @BeforeClass preExecutionTest -->
  <testcase name="@AfterClass postExecutionTest" time="0.0" classname="Hazards.SubstandardBottleTest">
    <skipped/>
  </testcase> <!-- @AfterClass postExecutionTest -->
  <testcase name="@BeforeClass preExecutionTest" time="0.0" classname="Regression.CapribridgeBabyMatchTest">
    <skipped/>
  </testcase> <!-- @BeforeClass preExecutionTest -->
  <testcase name="@AfterClass postExecutionTest" time="0.0" classname="Regression.CapribridgeBabyMatchTest">
    <skipped/>
  </testcase> <!-- @AfterClass postExecutionTest -->
  <testcase name="@BeforeClass preExecutionTest" time="0.0" classname="Hazards.CauseManualEntryOfPatientIDTest">
    <skipped/>
  </testcase> <!-- @BeforeClass preExecutionTest -->
  <testcase name="@AfterClass postExecutionTest" time="0.0" classname="Hazards.CauseManualEntryOfPatientIDTest">
    <skipped/>
  </testcase> <!-- @AfterClass postExecutionTest -->
  <testcase name="@BeforeClass preExecutionTest" time="0.0" classname="com.bridge.poc.SubstandardBottleTrailTest">
    <skipped/>
  </testcase> <!-- @BeforeClass preExecutionTest -->
  <testcase name="@AfterMethod testing" time="0.0" classname="com.bridge.poc.SubstandardBottleTrailTest">
    <skipped/>
  </testcase> <!-- @AfterMethod testing -->
  <testcase name="@AfterClass postExecutionTest" time="0.0" classname="com.bridge.poc.SubstandardBottleTrailTest">
    <skipped/>
  </testcase> <!-- @AfterClass postExecutionTest -->
  <testcase name="@BeforeClass preExecutionTest" time="0.0" classname="Hazards.BloodProductIdentificationErrorTest">
    <skipped/>
  </testcase> <!-- @BeforeClass preExecutionTest -->
  <testcase name="@AfterClass postExecutionTest" time="0.0" classname="Hazards.BloodProductIdentificationErrorTest">
    <skipped/>
  </testcase> <!-- @AfterClass postExecutionTest -->
  <testcase name="@AfterClass afterClassTest" time="0.0" classname="Hazards.ReleaseOfUnsuitableBreastMilkTest">
    <skipped/>
  </testcase> <!-- @AfterClass afterClassTest -->
  <testcase name="@BeforeClass preExecutionTest" time="0.0" classname="Regression.TrailTest">
    <skipped/>
  </testcase> <!-- @BeforeClass preExecutionTest -->
  <testcase name="@AfterClass postExecutionTest" time="0.0" classname="Regression.TrailTest">
    <skipped/>
  </testcase> <!-- @AfterClass postExecutionTest -->
  <testcase name="@BeforeClass beforeClass" time="0.0" classname="com.bridge.poc.Receive_admin_bottle">
    <skipped/>
  </testcase> <!-- @BeforeClass beforeClass -->
  <testcase name="@AfterMethod testing" time="0.0" classname="com.bridge.poc.Receive_admin_bottle">
    <skipped/>
  </testcase> <!-- @AfterMethod testing -->
  <testcase name="@AfterClass afterClass" time="0.0" classname="com.bridge.poc.Receive_admin_bottle">
    <skipped/>
  </testcase> <!-- @AfterClass afterClass -->
  <testcase name="@AfterTest closeDriverTest" time="0.0" classname="Hazards.CausePatientIdentificationErrorTest">
    <skipped/>
  </testcase> <!-- @AfterTest closeDriverTest -->
  <testcase name="@AfterTest systemManagerPostSettingTest" time="0.0" classname="Hazards.CausePatientIdentificationErrorTest">
    <skipped/>
  </testcase> <!-- @AfterTest systemManagerPostSettingTest -->
  <testcase name="@AfterTest restorChangesTest" time="0.0" classname="Hazards.CausePatientIdentificationErrorTest">
    <skipped/>
  </testcase> <!-- @AfterTest restorChangesTest -->
  <testcase name="patientIdentficationErrorTest" time="0.004" classname="Hazards.PatientIdentificationErrorTest">
    <skipped/>
  </testcase> <!-- patientIdentficationErrorTest -->
  <testcase name="regulatoryHazardsTest" time="0.002" classname="Hazards.RegulatoryHazardsDueToUnauthorizedAccessToPatientInformationTest">
    <skipped/>
  </testcase> <!-- regulatoryHazardsTest -->
  <testcase name="substandardBottleTest" time="0.003" classname="Hazards.SubstandardBottleTest">
    <skipped/>
  </testcase> <!-- substandardBottleTest -->
  <testcase name="babyMatchTestPlanTest" time="0.002" classname="Regression.CapribridgeBabyMatchTest">
    <skipped/>
  </testcase> <!-- babyMatchTestPlanTest -->
  <testcase name="sysManagerSettingsTest" time="0.002" classname="Regression.CapribridgeBabyMatchTest">
    <skipped/>
  </testcase> <!-- sysManagerSettingsTest -->
  <testcase name="babyMatchWithLocationTest" time="0.002" classname="Regression.CapribridgeBabyMatchTest">
    <skipped/>
  </testcase> <!-- babyMatchWithLocationTest -->
  <testcase name="sysManagerSettingsOffLocTest" time="0.012" classname="Regression.CapribridgeBabyMatchTest">
    <skipped/>
  </testcase> <!-- sysManagerSettingsOffLocTest -->
  <testcase name="manualEntryOfPatientIDTest" time="0.011" classname="Hazards.CauseManualEntryOfPatientIDTest">
    <skipped/>
  </testcase> <!-- manualEntryOfPatientIDTest -->
  <testcase name="systemManagerSettingsTest" time="0.006" classname="Hazards.CauseManualEntryOfPatientIDTest">
    <skipped/>
  </testcase> <!-- systemManagerSettingsTest -->
  <testcase name="remainingMaualEntryTest" time="0.001" classname="Hazards.CauseManualEntryOfPatientIDTest">
    <skipped/>
  </testcase> <!-- remainingMaualEntryTest -->
  <testcase name="systemManagerPostSettingsTest" time="0.003" classname="Hazards.CauseManualEntryOfPatientIDTest">
    <skipped/>
  </testcase> <!-- systemManagerPostSettingsTest -->
  <testcase name="substandardBottleTest" time="0.001" classname="com.bridge.poc.SubstandardBottleTrailTest">
    <skipped/>
  </testcase> <!-- substandardBottleTest -->
  <testcase name="IdentificationErrorTest" time="0.001" classname="Hazards.BloodProductIdentificationErrorTest">
    <skipped/>
  </testcase> <!-- IdentificationErrorTest -->
  <testcase name="f" time="0.0" classname="com.com.testcase.FirstTestCase">
    <skipped/>
  </testcase> <!-- f -->
  <testcase name="mainTest" time="0.001" classname="Hazards.ReleaseOfUnsuitableBreastMilkTest">
    <skipped/>
  </testcase> <!-- mainTest -->
  <testcase name="trailTest" time="0.0" classname="Regression.TrailTest">
    <skipped/>
  </testcase> <!-- trailTest -->
  <testcase name="mainTest" time="0.0" classname="Regression.ViewReactionChangeBloodTest">
    <skipped/>
  </testcase> <!-- mainTest -->
  <testcase name="f" time="0.001" classname="com.bridge.poc.Receive_admin_bottle">
    <skipped/>
  </testcase> <!-- f -->
  <testcase name="PatientIdentificationErrorTest" time="0.001" classname="Hazards.CausePatientIdentificationErrorTest">
    <skipped/>
  </testcase> <!-- PatientIdentificationErrorTest -->
  <testcase name="mainTest" time="0.001" classname="Regression.HoldTransfusionTest">
    <skipped/>
  </testcase> <!-- mainTest -->
  <testcase name="trailTest" time="0.001" classname="modulebabymatch.NewTrailTest">
    <skipped/>
  </testcase> <!-- trailTest -->
  <testcase name="PatientMisidentificationTest" time="0.0" classname="Hazards.CausePatientMisidentificationTest">
    <skipped/>
  </testcase> <!-- PatientMisidentificationTest -->
  <testcase name="mainTest" time="0.0" classname="Regression.RapidTransfusionTest">
    <skipped/>
  </testcase> <!-- mainTest -->
</testsuite> <!-- Test -->
